Build started 08.08.2018 10:23:04.
     1>Project "C:\док\intership\probation-repo\task_4_ver2\Handler_2.vcxproj" on node 2 (build target(s)).
     1>InitializeBuildStatus:
         Creating "Debug\Handler_2.unsuccessfulbuild" because "AlwaysCreate" was specified.
       ClCompile:
         C:\Program Files (x86)\Microsoft Visual Studio 10.0\VC\bin\CL.exe /c /ZI /nologo /W3 /WX- /Od /Oy- /D WIN32 /D _DEBUG /D _CONSOLE /D _UNICODE /D UNICODE /Gm /EHsc /RTC1 /MDd /GS /fp:precise /Zc:wchar_t /Zc:forScope /Fo"Debug\\" /Fd"Debug\vc100.pdb" /Gd /TP /analyze- /errorReport:prompt main.cpp
         main.cpp
       ManifestResourceCompile:
         C:\Program Files (x86)\Microsoft SDKs\Windows\v7.0A\bin\rc.exe /nologo /fo"Debug\Handler_2.exe.embed.manifest.res" Debug\Handler_2_manifest.rc 
       Link:
         C:\Program Files (x86)\Microsoft Visual Studio 10.0\VC\bin\link.exe /ERRORREPORT:PROMPT /OUT:"C:\док\intership\probation-repo\task_4_ver2\Debug\Handler_2.exe" /INCREMENTAL /NOLOGO kernel32.lib user32.lib gdi32.lib winspool.lib comdlg32.lib advapi32.lib shell32.lib ole32.lib oleaut32.lib uuid.lib odbc32.lib odbccp32.lib /MANIFEST /ManifestFile:"Debug\Handler_2.exe.intermediate.manifest" /MANIFESTUAC:"level='asInvoker' uiAccess='false'" /DEBUG /PDB:"C:\док\intership\probation-repo\task_4_ver2\Debug\Handler_2.pdb" /SUBSYSTEM:CONSOLE /TLBID:1 /DYNAMICBASE /NXCOMPAT /IMPLIB:"C:\док\intership\probation-repo\task_4_ver2\Debug\Handler_2.lib" /MACHINE:X86 Debug\Handler_2.exe.embed.manifest.res
         Debug\main.obj
       Manifest:
         C:\Program Files (x86)\Microsoft SDKs\Windows\v7.0A\bin\mt.exe /nologo /verbose /out:"Debug\Handler_2.exe.embed.manifest" /manifest Debug\Handler_2.exe.intermediate.manifest
         C:\Program Files (x86)\Microsoft SDKs\Windows\v7.0A\bin\rc.exe /nologo /fo"Debug\Handler_2.exe.embed.manifest.res" Debug\Handler_2_manifest.rc 
       LinkEmbedManifest:
         C:\Program Files (x86)\Microsoft Visual Studio 10.0\VC\bin\link.exe /ERRORREPORT:PROMPT /OUT:"C:\док\intership\probation-repo\task_4_ver2\Debug\Handler_2.exe" /INCREMENTAL /NOLOGO kernel32.lib user32.lib gdi32.lib winspool.lib comdlg32.lib advapi32.lib shell32.lib ole32.lib oleaut32.lib uuid.lib odbc32.lib odbccp32.lib /MANIFEST /ManifestFile:"Debug\Handler_2.exe.intermediate.manifest" /MANIFESTUAC:"level='asInvoker' uiAccess='false'" /DEBUG /PDB:"C:\док\intership\probation-repo\task_4_ver2\Debug\Handler_2.pdb" /SUBSYSTEM:CONSOLE /TLBID:1 /DYNAMICBASE /NXCOMPAT /IMPLIB:"C:\док\intership\probation-repo\task_4_ver2\Debug\Handler_2.lib" /MACHINE:X86 Debug\Handler_2.exe.embed.manifest.res
         Debug\main.obj
         Handler_2.vcxproj -> C:\док\intership\probation-repo\task_4_ver2\Debug\Handler_2.exe
       FinalizeBuildStatus:
         Deleting file "Debug\Handler_2.unsuccessfulbuild".
         Touching "Debug\Handler_2.lastbuildstate".
     1>Done Building Project "C:\док\intership\probation-repo\task_4_ver2\Handler_2.vcxproj" (build target(s)).

Build succeeded.

Time Elapsed 00:00:01.49
